-- Found ament_cmake: 1.1.5 (/opt/ros/galactic/share/ament_cmake/cmake)
-- Using PYTHON_EXECUTABLE: /usr/bin/python3
-- Found rclcpp: 9.2.1 (/opt/ros/galactic/share/rclcpp/cmake)
-- Using all available rosidl_typesupport_c: rosidl_typesupport_fastrtps_c;rosidl_typesupport_introspection_c
-- Found rosidl_adapter: 2.2.2 (/opt/ros/galactic/share/rosidl_adapter/cmake)
-- Using all available rosidl_typesupport_cpp: rosidl_typesupport_fastrtps_cpp;rosidl_typesupport_introspection_cpp
-- Found rmw_implementation_cmake: 3.3.1 (/opt/ros/galactic/share/rmw_implementation_cmake/cmake)
-- Found rmw_cyclonedds_cpp: 0.22.5 (/opt/ros/galactic/share/rmw_cyclonedds_cpp/cmake)
-- Using RMW implementation 'rmw_cyclonedds_cpp' as default
-- Found sensor_msgs: 2.2.4 (/opt/ros/galactic/share/sensor_msgs/cmake)
-- Found ament_lint_auto: 0.10.7 (/opt/ros/galactic/share/ament_lint_auto/cmake)
-- Added test 'copyright' to check source files copyright and LICENSE
-- Added test 'cppcheck' to perform static code analysis on C / C++ code
-- Configured cppcheck include dirs: 
-- Configured cppcheck exclude dirs and/or files: 
-- Added test 'cpplint' to check C / C++ code against the Google style
-- Configured cpplint exclude dirs and/or files: 
-- Added test 'lint_cmake' to check CMake code style
-- Added test 'uncrustify' to check C / C++ code style
-- Configured uncrustify additional arguments: 
-- Added test 'xmllint' to check XML markup files
-- Configuring done
-- Generating done
-- Build files have been written to: /home/user/ros2_ws/src/checkpoint5/build/attach_shelf
[35m[1mScanning dependencies of target pre_approach_node[0m
[ 50%] [32mBuilding CXX object CMakeFiles/pre_approach_node.dir/src/pre_approach.cpp.o[0m
[01m[K/home/user/ros2_ws/src/checkpoint5/attach_shelf/src/pre_approach.cpp:[m[K In constructor '[01m[KPreApproach::PreApproach(int&, char**)[m[K':
[01m[K/home/user/ros2_ws/src/checkpoint5/attach_shelf/src/pre_approach.cpp:38:19:[m[K [01;35m[Kwarning: [m[Kunused variable '[01m[Kdistance_to_obstacle[m[K' [[01;35m[K-Wunused-variable[m[K]
   38 |             float [01;35m[Kdistance_to_obstacle[m[K = std::stof(distance_to_obstacle_arg);
      |                   [01;35m[K^~~~~~~~~~~~~~~~~~~~[m[K
[01m[K/home/user/ros2_ws/src/checkpoint5/attach_shelf/src/pre_approach.cpp:39:17:[m[K [01;35m[Kwarning: [m[Kunused variable '[01m[Krotation_degree[m[K' [[01;35m[K-Wunused-variable[m[K]
   39 |             int [01;35m[Krotation_degree[m[K = std::stoi(rotation_degree_arg);
      |                 [01;35m[K^~~~~~~~~~~~~~~[m[K
[01m[K/home/user/ros2_ws/src/checkpoint5/attach_shelf/src/pre_approach.cpp:29:26:[m[K [01;35m[Kwarning: [m[Kunused parameter '[01m[Kargc[m[K' [[01;35m[K-Wunused-parameter[m[K]
   29 |         PreApproach([01;35m[Kint& argc[m[K, char** argv) : Node("pre_approach_node")
      |                     [01;35m[K~~~~~^~~~[m[K
[100%] [32m[1mLinking CXX executable pre_approach_node[0m
[100%] Built target pre_approach_node
-- Install configuration: ""
-- Installing: /home/user/ros2_ws/src/checkpoint5/install/attach_shelf/lib/attach_shelf/pre_approach_node
-- Set runtime path of "/home/user/ros2_ws/src/checkpoint5/install/attach_shelf/lib/attach_shelf/pre_approach_node" to ""
-- Installing: /home/user/ros2_ws/src/checkpoint5/install/attach_shelf/share/attach_shelf//launch
-- Installing: /home/user/ros2_ws/src/checkpoint5/install/attach_shelf/share/attach_shelf//launch/pre_approach.launch.xml
-- Installing: /home/user/ros2_ws/src/checkpoint5/install/attach_shelf/share/ament_index/resource_index/package_run_dependencies/attach_shelf
-- Installing: /home/user/ros2_ws/src/checkpoint5/install/attach_shelf/share/ament_index/resource_index/parent_prefix_path/attach_shelf
-- Installing: /home/user/ros2_ws/src/checkpoint5/install/attach_shelf/share/attach_shelf/environment/ament_prefix_path.sh
-- Installing: /home/user/ros2_ws/src/checkpoint5/install/attach_shelf/share/attach_shelf/environment/ament_prefix_path.dsv
-- Installing: /home/user/ros2_ws/src/checkpoint5/install/attach_shelf/share/attach_shelf/environment/path.sh
-- Installing: /home/user/ros2_ws/src/checkpoint5/install/attach_shelf/share/attach_shelf/environment/path.dsv
-- Installing: /home/user/ros2_ws/src/checkpoint5/install/attach_shelf/share/attach_shelf/local_setup.bash
-- Installing: /home/user/ros2_ws/src/checkpoint5/install/attach_shelf/share/attach_shelf/local_setup.sh
-- Installing: /home/user/ros2_ws/src/checkpoint5/install/attach_shelf/share/attach_shelf/local_setup.zsh
-- Installing: /home/user/ros2_ws/src/checkpoint5/install/attach_shelf/share/attach_shelf/local_setup.dsv
-- Installing: /home/user/ros2_ws/src/checkpoint5/install/attach_shelf/share/attach_shelf/package.dsv
-- Installing: /home/user/ros2_ws/src/checkpoint5/install/attach_shelf/share/ament_index/resource_index/packages/attach_shelf
-- Installing: /home/user/ros2_ws/src/checkpoint5/install/attach_shelf/share/attach_shelf/cmake/attach_shelfConfig.cmake
-- Installing: /home/user/ros2_ws/src/checkpoint5/install/attach_shelf/share/attach_shelf/cmake/attach_shelfConfig-version.cmake
-- Installing: /home/user/ros2_ws/src/checkpoint5/install/attach_shelf/share/attach_shelf/package.xml
