[0.039s] Invoking command in '/home/user/ros2_ws/src/checkpoint5/build/attach_shelf': CMAKE_PREFIX_PATH=${CMAKE_PREFIX_PATH}:/opt/ros/galactic _=/usr/bin/env /usr/bin/cmake /home/user/ros2_ws/src/checkpoint5/attach_shelf -DCMAKE_INSTALL_PREFIX=/home/user/ros2_ws/src/checkpoint5/install/attach_shelf
[0.074s] -- Found ament_cmake: 1.1.5 (/opt/ros/galactic/share/ament_cmake/cmake)
[0.115s] -- Using PYTHON_EXECUTABLE: /usr/bin/python3
[0.221s] -- Found rclcpp: 9.2.1 (/opt/ros/galactic/share/rclcpp/cmake)
[0.287s] -- Using all available rosidl_typesupport_c: rosidl_typesupport_fastrtps_c;rosidl_typesupport_introspection_c
[0.292s] -- Found rosidl_adapter: 2.2.2 (/opt/ros/galactic/share/rosidl_adapter/cmake)
[0.574s] -- Using all available rosidl_typesupport_cpp: rosidl_typesupport_fastrtps_cpp;rosidl_typesupport_introspection_cpp
[0.670s] -- Found rmw_implementation_cmake: 3.3.1 (/opt/ros/galactic/share/rmw_implementation_cmake/cmake)
[0.673s] -- Found rmw_cyclonedds_cpp: 0.22.5 (/opt/ros/galactic/share/rmw_cyclonedds_cpp/cmake)
[0.705s] -- Using RMW implementation 'rmw_cyclonedds_cpp' as default
[0.931s] -- Found sensor_msgs: 2.2.4 (/opt/ros/galactic/share/sensor_msgs/cmake)
[1.114s] -- Found ament_lint_auto: 0.10.7 (/opt/ros/galactic/share/ament_lint_auto/cmake)
[1.225s] -- Added test 'copyright' to check source files copyright and LICENSE
[1.227s] -- Added test 'cppcheck' to perform static code analysis on C / C++ code
[1.227s] -- Configured cppcheck include dirs: 
[1.227s] -- Configured cppcheck exclude dirs and/or files: 
[1.228s] -- Added test 'cpplint' to check C / C++ code against the Google style
[1.228s] -- Configured cpplint exclude dirs and/or files: 
[1.229s] -- Added test 'lint_cmake' to check CMake code style
[1.231s] -- Added test 'uncrustify' to check C / C++ code style
[1.231s] -- Configured uncrustify additional arguments: 
[1.232s] -- Added test 'xmllint' to check XML markup files
[1.236s] -- Configuring done
[1.249s] -- Generating done
[1.253s] -- Build files have been written to: /home/user/ros2_ws/src/checkpoint5/build/attach_shelf
[1.263s] Invoked command in '/home/user/ros2_ws/src/checkpoint5/build/attach_shelf' returned '0': CMAKE_PREFIX_PATH=${CMAKE_PREFIX_PATH}:/opt/ros/galactic _=/usr/bin/env /usr/bin/cmake /home/user/ros2_ws/src/checkpoint5/attach_shelf -DCMAKE_INSTALL_PREFIX=/home/user/ros2_ws/src/checkpoint5/install/attach_shelf
[1.268s] Invoking command in '/home/user/ros2_ws/src/checkpoint5/build/attach_shelf': CMAKE_PREFIX_PATH=${CMAKE_PREFIX_PATH}:/opt/ros/galactic _=/usr/bin/env /usr/bin/cmake --build /home/user/ros2_ws/src/checkpoint5/build/attach_shelf -- -j8 -l8
[1.349s] [35m[1mScanning dependencies of target pre_approach_node[0m
[6.724s] [ 50%] [32mBuilding CXX object CMakeFiles/pre_approach_node.dir/src/pre_approach.cpp.o[0m
[14.605s] [01m[K/home/user/ros2_ws/src/checkpoint5/attach_shelf/src/pre_approach.cpp:[m[K In constructor '[01m[KPreApproach::PreApproach(int&, char**)[m[K':
[14.605s] [01m[K/home/user/ros2_ws/src/checkpoint5/attach_shelf/src/pre_approach.cpp:38:19:[m[K [01;35m[Kwarning: [m[Kunused variable '[01m[Kdistance_to_obstacle[m[K' [[01;35m[K-Wunused-variable[m[K]
[14.605s]    38 |             float [01;35m[Kdistance_to_obstacle[m[K = std::stof(distance_to_obstacle_arg);
[14.605s]       |                   [01;35m[K^~~~~~~~~~~~~~~~~~~~[m[K
[14.606s] [01m[K/home/user/ros2_ws/src/checkpoint5/attach_shelf/src/pre_approach.cpp:39:17:[m[K [01;35m[Kwarning: [m[Kunused variable '[01m[Krotation_degree[m[K' [[01;35m[K-Wunused-variable[m[K]
[14.606s]    39 |             int [01;35m[Krotation_degree[m[K = std::stoi(rotation_degree_arg);
[14.606s]       |                 [01;35m[K^~~~~~~~~~~~~~~[m[K
[14.606s] [01m[K/home/user/ros2_ws/src/checkpoint5/attach_shelf/src/pre_approach.cpp:29:26:[m[K [01;35m[Kwarning: [m[Kunused parameter '[01m[Kargc[m[K' [[01;35m[K-Wunused-parameter[m[K]
[14.607s]    29 |         PreApproach([01;35m[Kint& argc[m[K, char** argv) : Node("pre_approach_node")
[14.607s]       |                     [01;35m[K~~~~~^~~~[m[K
[23.524s] [100%] [32m[1mLinking CXX executable pre_approach_node[0m
[24.795s] [100%] Built target pre_approach_node
[24.817s] Invoked command in '/home/user/ros2_ws/src/checkpoint5/build/attach_shelf' returned '0': CMAKE_PREFIX_PATH=${CMAKE_PREFIX_PATH}:/opt/ros/galactic _=/usr/bin/env /usr/bin/cmake --build /home/user/ros2_ws/src/checkpoint5/build/attach_shelf -- -j8 -l8
[24.901s] Invoking command in '/home/user/ros2_ws/src/checkpoint5/build/attach_shelf': CMAKE_PREFIX_PATH=${CMAKE_PREFIX_PATH}:/opt/ros/galactic _=/usr/bin/env /usr/bin/cmake --install /home/user/ros2_ws/src/checkpoint5/build/attach_shelf
[24.918s] -- Install configuration: ""
[24.919s] -- Installing: /home/user/ros2_ws/src/checkpoint5/install/attach_shelf/lib/attach_shelf/pre_approach_node
[24.931s] -- Set runtime path of "/home/user/ros2_ws/src/checkpoint5/install/attach_shelf/lib/attach_shelf/pre_approach_node" to ""
[24.931s] -- Installing: /home/user/ros2_ws/src/checkpoint5/install/attach_shelf/share/attach_shelf//launch
[24.931s] -- Installing: /home/user/ros2_ws/src/checkpoint5/install/attach_shelf/share/attach_shelf//launch/pre_approach.launch.xml
[24.931s] -- Installing: /home/user/ros2_ws/src/checkpoint5/install/attach_shelf/share/ament_index/resource_index/package_run_dependencies/attach_shelf
[24.937s] -- Installing: /home/user/ros2_ws/src/checkpoint5/install/attach_shelf/share/ament_index/resource_index/parent_prefix_path/attach_shelf
[24.937s] -- Installing: /home/user/ros2_ws/src/checkpoint5/install/attach_shelf/share/attach_shelf/environment/ament_prefix_path.sh
[24.937s] -- Installing: /home/user/ros2_ws/src/checkpoint5/install/attach_shelf/share/attach_shelf/environment/ament_prefix_path.dsv
[24.937s] -- Installing: /home/user/ros2_ws/src/checkpoint5/install/attach_shelf/share/attach_shelf/environment/path.sh
[24.938s] -- Installing: /home/user/ros2_ws/src/checkpoint5/install/attach_shelf/share/attach_shelf/environment/path.dsv
[24.938s] -- Installing: /home/user/ros2_ws/src/checkpoint5/install/attach_shelf/share/attach_shelf/local_setup.bash
[24.938s] -- Installing: /home/user/ros2_ws/src/checkpoint5/install/attach_shelf/share/attach_shelf/local_setup.sh
[24.938s] -- Installing: /home/user/ros2_ws/src/checkpoint5/install/attach_shelf/share/attach_shelf/local_setup.zsh
[24.938s] -- Installing: /home/user/ros2_ws/src/checkpoint5/install/attach_shelf/share/attach_shelf/local_setup.dsv
[24.938s] -- Installing: /home/user/ros2_ws/src/checkpoint5/install/attach_shelf/share/attach_shelf/package.dsv
[24.939s] -- Installing: /home/user/ros2_ws/src/checkpoint5/install/attach_shelf/share/ament_index/resource_index/packages/attach_shelf
[24.952s] -- Installing: /home/user/ros2_ws/src/checkpoint5/install/attach_shelf/share/attach_shelf/cmake/attach_shelfConfig.cmake
[24.952s] -- Installing: /home/user/ros2_ws/src/checkpoint5/install/attach_shelf/share/attach_shelf/cmake/attach_shelfConfig-version.cmake
[24.952s] -- Installing: /home/user/ros2_ws/src/checkpoint5/install/attach_shelf/share/attach_shelf/package.xml
[24.952s] Invoked command in '/home/user/ros2_ws/src/checkpoint5/build/attach_shelf' returned '0': CMAKE_PREFIX_PATH=${CMAKE_PREFIX_PATH}:/opt/ros/galactic _=/usr/bin/env /usr/bin/cmake --install /home/user/ros2_ws/src/checkpoint5/build/attach_shelf
