[0.371s] DEBUG:colcon:Command line arguments: ['/usr/bin/colcon', 'build', '--packages-select', 'attach_shelf']
[0.371s] DEBUG:colcon:Parsed command line arguments: Namespace(allow_overriding=[], ament_cmake_args=None, base_paths=['.'], bazel_args=None, bazel_task=None, build_base='build', catkin_cmake_args=None, catkin_skip_building_tests=False, cmake_args=None, cmake_clean_cache=False, cmake_clean_first=False, cmake_force_configure=False, cmake_target=None, cmake_target_skip_unavailable=False, continue_on_error=False, event_handlers=None, executor='parallel', ignore_user_meta=False, install_base='install', log_base=None, log_level=None, main=<bound method BuildVerb.main of <colcon_core.verb.build.BuildVerb object at 0x7f82247f3820>>, merge_install=False, metas=['./colcon.meta'], mixin=None, mixin_files=None, mixin_verb=('build',), packages_above=None, packages_above_and_dependencies=None, packages_above_depth=None, packages_end=None, packages_ignore=None, packages_ignore_regex=None, packages_select=['attach_shelf'], packages_select_build_failed=False, packages_select_by_dep=None, packages_select_regex=None, packages_select_test_failures=False, packages_skip=None, packages_skip_build_finished=False, packages_skip_by_dep=None, packages_skip_regex=None, packages_skip_test_passed=False, packages_skip_up_to=None, packages_start=None, packages_up_to=None, packages_up_to_regex=None, parallel_workers=8, paths=None, symlink_install=False, test_result_base=None, verb_extension=<colcon_core.verb.build.BuildVerb object at 0x7f82247f3820>, verb_name='build', verb_parser=<colcon_alias.argument_parser.alias.AliasArgumentDecorator object at 0x7f82247fd760>)
[0.437s] Level 1:colcon.colcon_core.package_discovery:discover_packages(colcon_meta) check parameters
[0.437s] Level 1:colcon.colcon_core.package_discovery:discover_packages(recursive) check parameters
[0.437s] Level 1:colcon.colcon_core.package_discovery:discover_packages(ignore) check parameters
[0.437s] Level 1:colcon.colcon_core.package_discovery:discover_packages(path) check parameters
[0.437s] Level 1:colcon.colcon_core.package_discovery:discover_packages(colcon_meta) discover
[0.438s] Level 1:colcon.colcon_core.package_discovery:discover_packages(recursive) discover
[0.438s] INFO:colcon.colcon_core.package_discovery:Crawling recursively for packages in '/home/user/ros2_ws/src/checkpoint5'
[0.438s] Level 1:colcon.colcon_core.package_identification:_identify(.) by extensions ['ignore', 'ignore_ament_install']
[0.438s] Level 1:colcon.colcon_core.package_identification:_identify(.) by extension 'ignore'
[0.438s] Level 1:colcon.colcon_core.package_identification:_identify(.) by extension 'ignore_ament_install'
[0.438s] Level 1:colcon.colcon_core.package_identification:_identify(.) by extensions ['colcon_pkg']
[0.438s] Level 1:colcon.colcon_core.package_identification:_identify(.) by extension 'colcon_pkg'
[0.439s] Level 1:colcon.colcon_core.package_identification:_identify(.) by extensions ['colcon_meta']
[0.439s] Level 1:colcon.colcon_core.package_identification:_identify(.) by extension 'colcon_meta'
[0.439s] Level 1:colcon.colcon_core.package_identification:_identify(.) by extensions ['ros']
[0.439s] Level 1:colcon.colcon_core.package_identification:_identify(.) by extension 'ros'
[0.443s] Level 1:colcon.colcon_core.package_identification:_identify(.) by extensions ['bazel', 'cmake', 'python']
[0.443s] Level 1:colcon.colcon_core.package_identification:_identify(.) by extension 'bazel'
[0.443s] Level 1:colcon.colcon_core.package_identification:_identify(.) by extension 'cmake'
[0.444s] Level 1:colcon.colcon_core.package_identification:_identify(.) by extension 'python'
[0.444s] Level 1:colcon.colcon_core.package_identification:_identify(.) by extensions ['python_setup_py']
[0.444s] Level 1:colcon.colcon_core.package_identification:_identify(.) by extension 'python_setup_py'
[0.444s] Level 1:colcon.colcon_core.package_identification:_identify(attach_shelf) by extensions ['ignore', 'ignore_ament_install']
[0.444s] Level 1:colcon.colcon_core.package_identification:_identify(attach_shelf) by extension 'ignore'
[0.444s] Level 1:colcon.colcon_core.package_identification:_identify(attach_shelf) by extension 'ignore_ament_install'
[0.444s] Level 1:colcon.colcon_core.package_identification:_identify(attach_shelf) by extensions ['colcon_pkg']
[0.444s] Level 1:colcon.colcon_core.package_identification:_identify(attach_shelf) by extension 'colcon_pkg'
[0.444s] Level 1:colcon.colcon_core.package_identification:_identify(attach_shelf) by extensions ['colcon_meta']
[0.445s] Level 1:colcon.colcon_core.package_identification:_identify(attach_shelf) by extension 'colcon_meta'
[0.445s] Level 1:colcon.colcon_core.package_identification:_identify(attach_shelf) by extensions ['ros']
[0.445s] Level 1:colcon.colcon_core.package_identification:_identify(attach_shelf) by extension 'ros'
[0.448s] DEBUG:colcon.colcon_core.package_identification:Package 'attach_shelf' with type 'ros.ament_cmake' and name 'attach_shelf'
[0.449s] Level 1:colcon.colcon_core.package_identification:_identify(build) by extensions ['ignore', 'ignore_ament_install']
[0.449s] Level 1:colcon.colcon_core.package_identification:_identify(build) by extension 'ignore'
[0.449s] Level 1:colcon.colcon_core.package_identification:_identify(build) ignored
[0.449s] Level 1:colcon.colcon_core.package_identification:_identify(install) by extensions ['ignore', 'ignore_ament_install']
[0.449s] Level 1:colcon.colcon_core.package_identification:_identify(install) by extension 'ignore'
[0.449s] Level 1:colcon.colcon_core.package_identification:_identify(install) ignored
[0.449s] Level 1:colcon.colcon_core.package_identification:_identify(log) by extensions ['ignore', 'ignore_ament_install']
[0.450s] Level 1:colcon.colcon_core.package_identification:_identify(log) by extension 'ignore'
[0.450s] Level 1:colcon.colcon_core.package_identification:_identify(log) ignored
[0.450s] Level 1:colcon.colcon_core.package_discovery:discover_packages(recursive) using defaults
[0.450s] Level 1:colcon.colcon_core.package_discovery:discover_packages(ignore) discover
[0.450s] Level 1:colcon.colcon_core.package_discovery:discover_packages(ignore) using defaults
[0.450s] Level 1:colcon.colcon_core.package_discovery:discover_packages(path) discover
[0.450s] Level 1:colcon.colcon_core.package_discovery:discover_packages(path) using defaults
[0.481s] Level 1:colcon.colcon_core.package_discovery:discover_packages(prefix_path) check parameters
[0.481s] Level 1:colcon.colcon_core.package_discovery:discover_packages(prefix_path) discover
[0.485s] DEBUG:colcon.colcon_installed_package_information.package_discovery:Found 1 installed packages in /home/simulations/ros2_sims_ws/install
[0.486s] DEBUG:colcon.colcon_installed_package_information.package_discovery:Found 1 installed packages in /home/user/ros2_ws/install
[0.492s] DEBUG:colcon.colcon_installed_package_information.package_discovery:Found 444 installed packages in /opt/ros/galactic
[0.496s] Level 1:colcon.colcon_core.package_discovery:discover_packages(prefix_path) using defaults
[0.667s] Level 5:colcon.colcon_core.verb:set package 'attach_shelf' build argument 'bazel_args' from command line to 'None'
[0.667s] Level 5:colcon.colcon_core.verb:set package 'attach_shelf' build argument 'bazel_task' from command line to 'None'
[0.667s] Level 5:colcon.colcon_core.verb:set package 'attach_shelf' build argument 'cmake_args' from command line to 'None'
[0.667s] Level 5:colcon.colcon_core.verb:set package 'attach_shelf' build argument 'cmake_target' from command line to 'None'
[0.667s] Level 5:colcon.colcon_core.verb:set package 'attach_shelf' build argument 'cmake_target_skip_unavailable' from command line to 'False'
[0.667s] Level 5:colcon.colcon_core.verb:set package 'attach_shelf' build argument 'cmake_clean_cache' from command line to 'False'
[0.667s] Level 5:colcon.colcon_core.verb:set package 'attach_shelf' build argument 'cmake_clean_first' from command line to 'False'
[0.667s] Level 5:colcon.colcon_core.verb:set package 'attach_shelf' build argument 'cmake_force_configure' from command line to 'False'
[0.668s] Level 5:colcon.colcon_core.verb:set package 'attach_shelf' build argument 'ament_cmake_args' from command line to 'None'
[0.668s] Level 5:colcon.colcon_core.verb:set package 'attach_shelf' build argument 'catkin_cmake_args' from command line to 'None'
[0.668s] Level 5:colcon.colcon_core.verb:set package 'attach_shelf' build argument 'catkin_skip_building_tests' from command line to 'False'
[0.668s] DEBUG:colcon.colcon_core.verb:Building package 'attach_shelf' with the following arguments: {'ament_cmake_args': None, 'bazel_args': None, 'bazel_task': None, 'build_base': '/home/user/ros2_ws/src/checkpoint5/build/attach_shelf', 'catkin_cmake_args': None, 'catkin_skip_building_tests': False, 'cmake_args': None, 'cmake_clean_cache': False, 'cmake_clean_first': False, 'cmake_force_configure': False, 'cmake_target': None, 'cmake_target_skip_unavailable': False, 'install_base': '/home/user/ros2_ws/src/checkpoint5/install/attach_shelf', 'merge_install': False, 'path': '/home/user/ros2_ws/src/checkpoint5/attach_shelf', 'symlink_install': False, 'test_result_base': None}
[0.669s] INFO:colcon.colcon_core.executor:Executing jobs using 'parallel' executor
[0.676s] DEBUG:colcon.colcon_parallel_executor.executor.parallel:run_until_complete
[0.676s] INFO:colcon.colcon_ros.task.ament_cmake.build:Building ROS package in '/home/user/ros2_ws/src/checkpoint5/attach_shelf' with build type 'ament_cmake'
[0.677s] INFO:colcon.colcon_cmake.task.cmake.build:Building CMake package in '/home/user/ros2_ws/src/checkpoint5/attach_shelf'
[0.684s] INFO:colcon.colcon_core.plugin_system:Skipping extension 'colcon_core.shell.bat': Not used on non-Windows systems
[0.684s] INFO:colcon.colcon_core.shell:Skip shell extension 'powershell' for command environment: Not usable outside of PowerShell
[0.684s] DEBUG:colcon.colcon_core.shell:Skip shell extension 'dsv' for command environment
[0.717s] DEBUG:colcon.colcon_core.event_handler.log_command:Invoking command in '/home/user/ros2_ws/src/checkpoint5/build/attach_shelf': CMAKE_PREFIX_PATH=${CMAKE_PREFIX_PATH}:/opt/ros/galactic _=/usr/bin/env /usr/bin/cmake /home/user/ros2_ws/src/checkpoint5/attach_shelf -DCMAKE_INSTALL_PREFIX=/home/user/ros2_ws/src/checkpoint5/install/attach_shelf
[1.941s] DEBUG:colcon.colcon_core.event_handler.log_command:Invoked command in '/home/user/ros2_ws/src/checkpoint5/build/attach_shelf' returned '0': CMAKE_PREFIX_PATH=${CMAKE_PREFIX_PATH}:/opt/ros/galactic _=/usr/bin/env /usr/bin/cmake /home/user/ros2_ws/src/checkpoint5/attach_shelf -DCMAKE_INSTALL_PREFIX=/home/user/ros2_ws/src/checkpoint5/install/attach_shelf
[1.946s] DEBUG:colcon.colcon_core.event_handler.log_command:Invoking command in '/home/user/ros2_ws/src/checkpoint5/build/attach_shelf': CMAKE_PREFIX_PATH=${CMAKE_PREFIX_PATH}:/opt/ros/galactic _=/usr/bin/env /usr/bin/cmake --build /home/user/ros2_ws/src/checkpoint5/build/attach_shelf -- -j8 -l8
[25.494s] DEBUG:colcon.colcon_core.event_handler.log_command:Invoked command in '/home/user/ros2_ws/src/checkpoint5/build/attach_shelf' returned '0': CMAKE_PREFIX_PATH=${CMAKE_PREFIX_PATH}:/opt/ros/galactic _=/usr/bin/env /usr/bin/cmake --build /home/user/ros2_ws/src/checkpoint5/build/attach_shelf -- -j8 -l8
[25.579s] DEBUG:colcon.colcon_core.event_handler.log_command:Invoking command in '/home/user/ros2_ws/src/checkpoint5/build/attach_shelf': CMAKE_PREFIX_PATH=${CMAKE_PREFIX_PATH}:/opt/ros/galactic _=/usr/bin/env /usr/bin/cmake --install /home/user/ros2_ws/src/checkpoint5/build/attach_shelf
[25.617s] Level 1:colcon.colcon_core.environment:create_environment_scripts_only(attach_shelf)
[25.625s] Level 1:colcon.colcon_core.environment:checking '/home/user/ros2_ws/src/checkpoint5/install/attach_shelf' for CMake module files
[25.626s] Level 1:colcon.colcon_core.environment:checking '/home/user/ros2_ws/src/checkpoint5/install/attach_shelf' for CMake config files
[25.626s] Level 1:colcon.colcon_core.shell:create_environment_hook('attach_shelf', 'cmake_prefix_path')
[25.629s] INFO:colcon.colcon_core.shell:Creating environment hook '/home/user/ros2_ws/src/checkpoint5/install/attach_shelf/share/attach_shelf/hook/cmake_prefix_path.ps1'
[25.630s] DEBUG:colcon.colcon_core.event_handler.log_command:Invoked command in '/home/user/ros2_ws/src/checkpoint5/build/attach_shelf' returned '0': CMAKE_PREFIX_PATH=${CMAKE_PREFIX_PATH}:/opt/ros/galactic _=/usr/bin/env /usr/bin/cmake --install /home/user/ros2_ws/src/checkpoint5/build/attach_shelf
[25.632s] INFO:colcon.colcon_core.shell:Creating environment descriptor '/home/user/ros2_ws/src/checkpoint5/install/attach_shelf/share/attach_shelf/hook/cmake_prefix_path.dsv'
[25.637s] INFO:colcon.colcon_core.shell:Creating environment hook '/home/user/ros2_ws/src/checkpoint5/install/attach_shelf/share/attach_shelf/hook/cmake_prefix_path.sh'
[25.640s] Level 1:colcon.colcon_core.environment:checking '/home/user/ros2_ws/src/checkpoint5/install/attach_shelf/lib'
[25.640s] Level 1:colcon.colcon_core.environment:checking '/home/user/ros2_ws/src/checkpoint5/install/attach_shelf/bin'
[25.640s] Level 1:colcon.colcon_core.environment:checking '/home/user/ros2_ws/src/checkpoint5/install/attach_shelf/lib/pkgconfig/attach_shelf.pc'
[25.641s] Level 1:colcon.colcon_core.environment:checking '/home/user/ros2_ws/src/checkpoint5/install/attach_shelf/lib/python3.8/site-packages'
[25.641s] Level 1:colcon.colcon_core.environment:checking '/home/user/ros2_ws/src/checkpoint5/install/attach_shelf/bin'
[25.643s] INFO:colcon.colcon_core.shell:Creating package script '/home/user/ros2_ws/src/checkpoint5/install/attach_shelf/share/attach_shelf/package.ps1'
[25.644s] INFO:colcon.colcon_core.shell:Creating package descriptor '/home/user/ros2_ws/src/checkpoint5/install/attach_shelf/share/attach_shelf/package.dsv'
[25.645s] INFO:colcon.colcon_core.shell:Creating package script '/home/user/ros2_ws/src/checkpoint5/install/attach_shelf/share/attach_shelf/package.sh'
[25.646s] INFO:colcon.colcon_core.shell:Creating package script '/home/user/ros2_ws/src/checkpoint5/install/attach_shelf/share/attach_shelf/package.bash'
[25.647s] INFO:colcon.colcon_core.shell:Creating package script '/home/user/ros2_ws/src/checkpoint5/install/attach_shelf/share/attach_shelf/package.zsh'
[25.648s] Level 1:colcon.colcon_core.environment:create_file_with_runtime_dependencies(/home/user/ros2_ws/src/checkpoint5/install/attach_shelf/share/colcon-core/packages/attach_shelf)
[25.723s] Level 1:colcon.colcon_core.environment:create_environment_scripts_only(attach_shelf)
[25.726s] Level 1:colcon.colcon_core.environment:checking '/home/user/ros2_ws/src/checkpoint5/install/attach_shelf' for CMake module files
[25.727s] Level 1:colcon.colcon_core.environment:checking '/home/user/ros2_ws/src/checkpoint5/install/attach_shelf' for CMake config files
[25.728s] Level 1:colcon.colcon_core.shell:create_environment_hook('attach_shelf', 'cmake_prefix_path')
[25.731s] INFO:colcon.colcon_core.shell:Creating environment hook '/home/user/ros2_ws/src/checkpoint5/install/attach_shelf/share/attach_shelf/hook/cmake_prefix_path.ps1'
[25.732s] INFO:colcon.colcon_core.shell:Creating environment descriptor '/home/user/ros2_ws/src/checkpoint5/install/attach_shelf/share/attach_shelf/hook/cmake_prefix_path.dsv'
[25.732s] INFO:colcon.colcon_core.shell:Creating environment hook '/home/user/ros2_ws/src/checkpoint5/install/attach_shelf/share/attach_shelf/hook/cmake_prefix_path.sh'
[25.733s] Level 1:colcon.colcon_core.environment:checking '/home/user/ros2_ws/src/checkpoint5/install/attach_shelf/lib'
[25.733s] Level 1:colcon.colcon_core.environment:checking '/home/user/ros2_ws/src/checkpoint5/install/attach_shelf/bin'
[25.734s] Level 1:colcon.colcon_core.environment:checking '/home/user/ros2_ws/src/checkpoint5/install/attach_shelf/lib/pkgconfig/attach_shelf.pc'
[25.734s] Level 1:colcon.colcon_core.environment:checking '/home/user/ros2_ws/src/checkpoint5/install/attach_shelf/lib/python3.8/site-packages'
[25.734s] Level 1:colcon.colcon_core.environment:checking '/home/user/ros2_ws/src/checkpoint5/install/attach_shelf/bin'
[25.743s] INFO:colcon.colcon_core.shell:Creating package script '/home/user/ros2_ws/src/checkpoint5/install/attach_shelf/share/attach_shelf/package.ps1'
[25.744s] INFO:colcon.colcon_core.shell:Creating package descriptor '/home/user/ros2_ws/src/checkpoint5/install/attach_shelf/share/attach_shelf/package.dsv'
[25.745s] INFO:colcon.colcon_core.shell:Creating package script '/home/user/ros2_ws/src/checkpoint5/install/attach_shelf/share/attach_shelf/package.sh'
[25.745s] INFO:colcon.colcon_core.shell:Creating package script '/home/user/ros2_ws/src/checkpoint5/install/attach_shelf/share/attach_shelf/package.bash'
[25.746s] INFO:colcon.colcon_core.shell:Creating package script '/home/user/ros2_ws/src/checkpoint5/install/attach_shelf/share/attach_shelf/package.zsh'
[25.747s] Level 1:colcon.colcon_core.environment:create_file_with_runtime_dependencies(/home/user/ros2_ws/src/checkpoint5/install/attach_shelf/share/colcon-core/packages/attach_shelf)
[25.748s] DEBUG:colcon.colcon_parallel_executor.executor.parallel:closing loop
[25.749s] DEBUG:colcon.colcon_parallel_executor.executor.parallel:loop closed
[25.749s] DEBUG:colcon.colcon_parallel_executor.executor.parallel:run_until_complete finished with '0'
[25.749s] DEBUG:colcon.colcon_core.event_reactor:joining thread
[25.760s] INFO:colcon.colcon_core.plugin_system:Skipping extension 'colcon_notification.desktop_notification.notify_send': Could not find 'notify-send'
[25.760s] INFO:colcon.colcon_core.plugin_system:Skipping extension 'colcon_notification.desktop_notification.terminal_notifier': Not used on non-Darwin systems
[25.761s] INFO:colcon.colcon_core.plugin_system:Skipping extension 'colcon_notification.desktop_notification.win32': Not used on non-Windows systems
[25.761s] INFO:colcon.colcon_notification.desktop_notification:Sending desktop notification using 'notify2'
[25.764s] DEBUG:colcon.colcon_notification.desktop_notification.notify2:Failed to initialize notify2: org.freedesktop.DBus.Error.Spawn.ExecFailed: /usr/bin/dbus-launch terminated abnormally without any error message
[25.764s] DEBUG:colcon.colcon_core.event_reactor:joined thread
[25.767s] INFO:colcon.colcon_core.shell:Creating prefix script '/home/user/ros2_ws/src/checkpoint5/install/local_setup.ps1'
[25.768s] INFO:colcon.colcon_core.shell:Creating prefix util module '/home/user/ros2_ws/src/checkpoint5/install/_local_setup_util_ps1.py'
[25.770s] INFO:colcon.colcon_core.shell:Creating prefix chain script '/home/user/ros2_ws/src/checkpoint5/install/setup.ps1'
[25.773s] INFO:colcon.colcon_core.shell:Creating prefix script '/home/user/ros2_ws/src/checkpoint5/install/local_setup.sh'
[25.773s] INFO:colcon.colcon_core.shell:Creating prefix util module '/home/user/ros2_ws/src/checkpoint5/install/_local_setup_util_sh.py'
[25.774s] INFO:colcon.colcon_core.shell:Creating prefix chain script '/home/user/ros2_ws/src/checkpoint5/install/setup.sh'
[25.777s] INFO:colcon.colcon_core.shell:Creating prefix script '/home/user/ros2_ws/src/checkpoint5/install/local_setup.bash'
[25.778s] INFO:colcon.colcon_core.shell:Creating prefix chain script '/home/user/ros2_ws/src/checkpoint5/install/setup.bash'
[25.780s] INFO:colcon.colcon_core.shell:Creating prefix script '/home/user/ros2_ws/src/checkpoint5/install/local_setup.zsh'
[25.781s] INFO:colcon.colcon_core.shell:Creating prefix chain script '/home/user/ros2_ws/src/checkpoint5/install/setup.zsh'
