[0.389s] DEBUG:colcon:Command line arguments: ['/usr/bin/colcon', 'build', '--packages-select', 'attach_shelf']
[0.389s] DEBUG:colcon:Parsed command line arguments: Namespace(allow_overriding=[], ament_cmake_args=None, base_paths=['.'], bazel_args=None, bazel_task=None, build_base='build', catkin_cmake_args=None, catkin_skip_building_tests=False, cmake_args=None, cmake_clean_cache=False, cmake_clean_first=False, cmake_force_configure=False, cmake_target=None, cmake_target_skip_unavailable=False, continue_on_error=False, event_handlers=None, executor='parallel', ignore_user_meta=False, install_base='install', log_base=None, log_level=None, main=<bound method BuildVerb.main of <colcon_core.verb.build.BuildVerb object at 0x7f5ed951c430>>, merge_install=False, metas=['./colcon.meta'], mixin=None, mixin_files=None, mixin_verb=('build',), packages_above=None, packages_above_and_dependencies=None, packages_above_depth=None, packages_end=None, packages_ignore=None, packages_ignore_regex=None, packages_select=['attach_shelf'], packages_select_build_failed=False, packages_select_by_dep=None, packages_select_regex=None, packages_select_test_failures=False, packages_skip=None, packages_skip_build_finished=False, packages_skip_by_dep=None, packages_skip_regex=None, packages_skip_test_passed=False, packages_skip_up_to=None, packages_start=None, packages_up_to=None, packages_up_to_regex=None, parallel_workers=8, paths=None, symlink_install=False, test_result_base=None, verb_extension=<colcon_core.verb.build.BuildVerb object at 0x7f5ed951c430>, verb_name='build', verb_parser=<colcon_alias.argument_parser.alias.AliasArgumentDecorator object at 0x7f5ed9522370>)
[0.456s] Level 1:colcon.colcon_core.package_discovery:discover_packages(colcon_meta) check parameters
[0.456s] Level 1:colcon.colcon_core.package_discovery:discover_packages(recursive) check parameters
[0.456s] Level 1:colcon.colcon_core.package_discovery:discover_packages(ignore) check parameters
[0.456s] Level 1:colcon.colcon_core.package_discovery:discover_packages(path) check parameters
[0.457s] Level 1:colcon.colcon_core.package_discovery:discover_packages(colcon_meta) discover
[0.457s] Level 1:colcon.colcon_core.package_discovery:discover_packages(recursive) discover
[0.457s] INFO:colcon.colcon_core.package_discovery:Crawling recursively for packages in '/home/user/ros2_ws/src/checkpoint5'
[0.457s] Level 1:colcon.colcon_core.package_identification:_identify(.) by extensions ['ignore', 'ignore_ament_install']
[0.457s] Level 1:colcon.colcon_core.package_identification:_identify(.) by extension 'ignore'
[0.457s] Level 1:colcon.colcon_core.package_identification:_identify(.) by extension 'ignore_ament_install'
[0.457s] Level 1:colcon.colcon_core.package_identification:_identify(.) by extensions ['colcon_pkg']
[0.458s] Level 1:colcon.colcon_core.package_identification:_identify(.) by extension 'colcon_pkg'
[0.458s] Level 1:colcon.colcon_core.package_identification:_identify(.) by extensions ['colcon_meta']
[0.458s] Level 1:colcon.colcon_core.package_identification:_identify(.) by extension 'colcon_meta'
[0.458s] Level 1:colcon.colcon_core.package_identification:_identify(.) by extensions ['ros']
[0.458s] Level 1:colcon.colcon_core.package_identification:_identify(.) by extension 'ros'
[0.463s] Level 1:colcon.colcon_core.package_identification:_identify(.) by extensions ['bazel', 'cmake', 'python']
[0.463s] Level 1:colcon.colcon_core.package_identification:_identify(.) by extension 'bazel'
[0.463s] Level 1:colcon.colcon_core.package_identification:_identify(.) by extension 'cmake'
[0.464s] Level 1:colcon.colcon_core.package_identification:_identify(.) by extension 'python'
[0.464s] Level 1:colcon.colcon_core.package_identification:_identify(.) by extensions ['python_setup_py']
[0.464s] Level 1:colcon.colcon_core.package_identification:_identify(.) by extension 'python_setup_py'
[0.464s] Level 1:colcon.colcon_core.package_identification:_identify(attach_shelf) by extensions ['ignore', 'ignore_ament_install']
[0.464s] Level 1:colcon.colcon_core.package_identification:_identify(attach_shelf) by extension 'ignore'
[0.464s] Level 1:colcon.colcon_core.package_identification:_identify(attach_shelf) by extension 'ignore_ament_install'
[0.464s] Level 1:colcon.colcon_core.package_identification:_identify(attach_shelf) by extensions ['colcon_pkg']
[0.465s] Level 1:colcon.colcon_core.package_identification:_identify(attach_shelf) by extension 'colcon_pkg'
[0.465s] Level 1:colcon.colcon_core.package_identification:_identify(attach_shelf) by extensions ['colcon_meta']
[0.465s] Level 1:colcon.colcon_core.package_identification:_identify(attach_shelf) by extension 'colcon_meta'
[0.465s] Level 1:colcon.colcon_core.package_identification:_identify(attach_shelf) by extensions ['ros']
[0.465s] Level 1:colcon.colcon_core.package_identification:_identify(attach_shelf) by extension 'ros'
[0.470s] DEBUG:colcon.colcon_core.package_identification:Package 'attach_shelf' with type 'ros.ament_cmake' and name 'attach_shelf'
[0.470s] Level 1:colcon.colcon_core.package_identification:_identify(build) by extensions ['ignore', 'ignore_ament_install']
[0.470s] Level 1:colcon.colcon_core.package_identification:_identify(build) by extension 'ignore'
[0.470s] Level 1:colcon.colcon_core.package_identification:_identify(build) ignored
[0.470s] Level 1:colcon.colcon_core.package_identification:_identify(install) by extensions ['ignore', 'ignore_ament_install']
[0.470s] Level 1:colcon.colcon_core.package_identification:_identify(install) by extension 'ignore'
[0.471s] Level 1:colcon.colcon_core.package_identification:_identify(install) ignored
[0.471s] Level 1:colcon.colcon_core.package_identification:_identify(log) by extensions ['ignore', 'ignore_ament_install']
[0.471s] Level 1:colcon.colcon_core.package_identification:_identify(log) by extension 'ignore'
[0.471s] Level 1:colcon.colcon_core.package_identification:_identify(log) ignored
[0.471s] Level 1:colcon.colcon_core.package_discovery:discover_packages(recursive) using defaults
[0.471s] Level 1:colcon.colcon_core.package_discovery:discover_packages(ignore) discover
[0.471s] Level 1:colcon.colcon_core.package_discovery:discover_packages(ignore) using defaults
[0.471s] Level 1:colcon.colcon_core.package_discovery:discover_packages(path) discover
[0.471s] Level 1:colcon.colcon_core.package_discovery:discover_packages(path) using defaults
[0.508s] Level 1:colcon.colcon_core.package_discovery:discover_packages(prefix_path) check parameters
[0.508s] Level 1:colcon.colcon_core.package_discovery:discover_packages(prefix_path) discover
[0.514s] DEBUG:colcon.colcon_installed_package_information.package_discovery:Found 1 installed packages in /home/simulations/ros2_sims_ws/install
[0.516s] DEBUG:colcon.colcon_installed_package_information.package_discovery:Found 1 installed packages in /home/user/ros2_ws/install
[0.519s] DEBUG:colcon.colcon_installed_package_information.package_discovery:Found 444 installed packages in /opt/ros/galactic
[0.524s] Level 1:colcon.colcon_core.package_discovery:discover_packages(prefix_path) using defaults
[0.705s] Level 5:colcon.colcon_core.verb:set package 'attach_shelf' build argument 'bazel_args' from command line to 'None'
[0.705s] Level 5:colcon.colcon_core.verb:set package 'attach_shelf' build argument 'bazel_task' from command line to 'None'
[0.705s] Level 5:colcon.colcon_core.verb:set package 'attach_shelf' build argument 'cmake_args' from command line to 'None'
[0.705s] Level 5:colcon.colcon_core.verb:set package 'attach_shelf' build argument 'cmake_target' from command line to 'None'
[0.705s] Level 5:colcon.colcon_core.verb:set package 'attach_shelf' build argument 'cmake_target_skip_unavailable' from command line to 'False'
[0.705s] Level 5:colcon.colcon_core.verb:set package 'attach_shelf' build argument 'cmake_clean_cache' from command line to 'False'
[0.705s] Level 5:colcon.colcon_core.verb:set package 'attach_shelf' build argument 'cmake_clean_first' from command line to 'False'
[0.705s] Level 5:colcon.colcon_core.verb:set package 'attach_shelf' build argument 'cmake_force_configure' from command line to 'False'
[0.706s] Level 5:colcon.colcon_core.verb:set package 'attach_shelf' build argument 'ament_cmake_args' from command line to 'None'
[0.706s] Level 5:colcon.colcon_core.verb:set package 'attach_shelf' build argument 'catkin_cmake_args' from command line to 'None'
[0.706s] Level 5:colcon.colcon_core.verb:set package 'attach_shelf' build argument 'catkin_skip_building_tests' from command line to 'False'
[0.706s] DEBUG:colcon.colcon_core.verb:Building package 'attach_shelf' with the following arguments: {'ament_cmake_args': None, 'bazel_args': None, 'bazel_task': None, 'build_base': '/home/user/ros2_ws/src/checkpoint5/build/attach_shelf', 'catkin_cmake_args': None, 'catkin_skip_building_tests': False, 'cmake_args': None, 'cmake_clean_cache': False, 'cmake_clean_first': False, 'cmake_force_configure': False, 'cmake_target': None, 'cmake_target_skip_unavailable': False, 'install_base': '/home/user/ros2_ws/src/checkpoint5/install/attach_shelf', 'merge_install': False, 'path': '/home/user/ros2_ws/src/checkpoint5/attach_shelf', 'symlink_install': False, 'test_result_base': None}
[0.707s] INFO:colcon.colcon_core.executor:Executing jobs using 'parallel' executor
[0.729s] DEBUG:colcon.colcon_parallel_executor.executor.parallel:run_until_complete
[0.730s] INFO:colcon.colcon_ros.task.ament_cmake.build:Building ROS package in '/home/user/ros2_ws/src/checkpoint5/attach_shelf' with build type 'ament_cmake'
[0.730s] INFO:colcon.colcon_cmake.task.cmake.build:Building CMake package in '/home/user/ros2_ws/src/checkpoint5/attach_shelf'
[0.736s] INFO:colcon.colcon_core.plugin_system:Skipping extension 'colcon_core.shell.bat': Not used on non-Windows systems
[0.737s] INFO:colcon.colcon_core.shell:Skip shell extension 'powershell' for command environment: Not usable outside of PowerShell
[0.737s] DEBUG:colcon.colcon_core.shell:Skip shell extension 'dsv' for command environment
[0.760s] DEBUG:colcon.colcon_core.event_handler.log_command:Invoking command in '/home/user/ros2_ws/src/checkpoint5/build/attach_shelf': CMAKE_PREFIX_PATH=${CMAKE_PREFIX_PATH}:/opt/ros/galactic _=/usr/bin/env /usr/bin/cmake /home/user/ros2_ws/src/checkpoint5/attach_shelf -DCMAKE_INSTALL_PREFIX=/home/user/ros2_ws/src/checkpoint5/install/attach_shelf
[2.078s] DEBUG:colcon.colcon_core.event_handler.log_command:Invoked command in '/home/user/ros2_ws/src/checkpoint5/build/attach_shelf' returned '1': CMAKE_PREFIX_PATH=${CMAKE_PREFIX_PATH}:/opt/ros/galactic _=/usr/bin/env /usr/bin/cmake /home/user/ros2_ws/src/checkpoint5/attach_shelf -DCMAKE_INSTALL_PREFIX=/home/user/ros2_ws/src/checkpoint5/install/attach_shelf
[2.101s] Level 1:colcon.colcon_core.environment:create_environment_scripts_only(attach_shelf)
[2.112s] Level 1:colcon.colcon_core.environment:checking '/home/user/ros2_ws/src/checkpoint5/install/attach_shelf' for CMake module files
[2.112s] Level 1:colcon.colcon_core.environment:checking '/home/user/ros2_ws/src/checkpoint5/install/attach_shelf' for CMake config files
[2.113s] Level 1:colcon.colcon_core.environment:checking '/home/user/ros2_ws/src/checkpoint5/install/attach_shelf/bin'
[2.113s] Level 1:colcon.colcon_core.environment:checking '/home/user/ros2_ws/src/checkpoint5/install/attach_shelf/lib/pkgconfig/attach_shelf.pc'
[2.114s] Level 1:colcon.colcon_core.environment:checking '/home/user/ros2_ws/src/checkpoint5/install/attach_shelf/lib/python3.8/site-packages'
[2.114s] Level 1:colcon.colcon_core.environment:checking '/home/user/ros2_ws/src/checkpoint5/install/attach_shelf/bin'
[2.117s] INFO:colcon.colcon_core.shell:Creating package script '/home/user/ros2_ws/src/checkpoint5/install/attach_shelf/share/attach_shelf/package.ps1'
[2.119s] INFO:colcon.colcon_core.shell:Creating package descriptor '/home/user/ros2_ws/src/checkpoint5/install/attach_shelf/share/attach_shelf/package.dsv'
[2.120s] INFO:colcon.colcon_core.shell:Creating package script '/home/user/ros2_ws/src/checkpoint5/install/attach_shelf/share/attach_shelf/package.sh'
[2.121s] INFO:colcon.colcon_core.shell:Creating package script '/home/user/ros2_ws/src/checkpoint5/install/attach_shelf/share/attach_shelf/package.bash'
[2.122s] INFO:colcon.colcon_core.shell:Creating package script '/home/user/ros2_ws/src/checkpoint5/install/attach_shelf/share/attach_shelf/package.zsh'
[2.123s] Level 1:colcon.colcon_core.environment:create_file_with_runtime_dependencies(/home/user/ros2_ws/src/checkpoint5/install/attach_shelf/share/colcon-core/packages/attach_shelf)
[2.134s] DEBUG:colcon.colcon_parallel_executor.executor.parallel:closing loop
[2.135s] DEBUG:colcon.colcon_parallel_executor.executor.parallel:loop closed
[2.135s] DEBUG:colcon.colcon_parallel_executor.executor.parallel:run_until_complete finished with '1'
[2.135s] DEBUG:colcon.colcon_core.event_reactor:joining thread
[2.149s] INFO:colcon.colcon_core.plugin_system:Skipping extension 'colcon_notification.desktop_notification.notify_send': Could not find 'notify-send'
[2.149s] INFO:colcon.colcon_core.plugin_system:Skipping extension 'colcon_notification.desktop_notification.terminal_notifier': Not used on non-Darwin systems
[2.149s] INFO:colcon.colcon_core.plugin_system:Skipping extension 'colcon_notification.desktop_notification.win32': Not used on non-Windows systems
[2.150s] INFO:colcon.colcon_notification.desktop_notification:Sending desktop notification using 'notify2'
[2.153s] DEBUG:colcon.colcon_notification.desktop_notification.notify2:Failed to initialize notify2: org.freedesktop.DBus.Error.Spawn.ExecFailed: /usr/bin/dbus-launch terminated abnormally without any error message
[2.153s] DEBUG:colcon.colcon_core.event_reactor:joined thread
[2.157s] INFO:colcon.colcon_core.shell:Creating prefix script '/home/user/ros2_ws/src/checkpoint5/install/local_setup.ps1'
[2.159s] INFO:colcon.colcon_core.shell:Creating prefix util module '/home/user/ros2_ws/src/checkpoint5/install/_local_setup_util_ps1.py'
[2.161s] INFO:colcon.colcon_core.shell:Creating prefix chain script '/home/user/ros2_ws/src/checkpoint5/install/setup.ps1'
[2.166s] INFO:colcon.colcon_core.shell:Creating prefix script '/home/user/ros2_ws/src/checkpoint5/install/local_setup.sh'
[2.167s] INFO:colcon.colcon_core.shell:Creating prefix util module '/home/user/ros2_ws/src/checkpoint5/install/_local_setup_util_sh.py'
[2.168s] INFO:colcon.colcon_core.shell:Creating prefix chain script '/home/user/ros2_ws/src/checkpoint5/install/setup.sh'
[2.171s] INFO:colcon.colcon_core.shell:Creating prefix script '/home/user/ros2_ws/src/checkpoint5/install/local_setup.bash'
[2.172s] INFO:colcon.colcon_core.shell:Creating prefix chain script '/home/user/ros2_ws/src/checkpoint5/install/setup.bash'
[2.174s] INFO:colcon.colcon_core.shell:Creating prefix script '/home/user/ros2_ws/src/checkpoint5/install/local_setup.zsh'
[2.175s] INFO:colcon.colcon_core.shell:Creating prefix chain script '/home/user/ros2_ws/src/checkpoint5/install/setup.zsh'
