[0.029s] Invoking command in '/home/user/ros2_ws/src/checkpoint5/build/attach_shelf': CMAKE_PREFIX_PATH=${CMAKE_PREFIX_PATH}:/opt/ros/galactic _=/usr/bin/env /usr/bin/cmake /home/user/ros2_ws/src/checkpoint5/attach_shelf -DCMAKE_INSTALL_PREFIX=/home/user/ros2_ws/src/checkpoint5/install/attach_shelf
[0.054s] -- Found ament_cmake: 1.1.5 (/opt/ros/galactic/share/ament_cmake/cmake)
[0.087s] -- Using PYTHON_EXECUTABLE: /usr/bin/python3
[0.190s] -- Found rclcpp: 9.2.1 (/opt/ros/galactic/share/rclcpp/cmake)
[0.257s] -- Using all available rosidl_typesupport_c: rosidl_typesupport_fastrtps_c;rosidl_typesupport_introspection_c
[0.261s] -- Found rosidl_adapter: 2.2.2 (/opt/ros/galactic/share/rosidl_adapter/cmake)
[0.549s] -- Using all available rosidl_typesupport_cpp: rosidl_typesupport_fastrtps_cpp;rosidl_typesupport_introspection_cpp
[0.640s] -- Found rmw_implementation_cmake: 3.3.1 (/opt/ros/galactic/share/rmw_implementation_cmake/cmake)
[0.642s] -- Found rmw_cyclonedds_cpp: 0.22.5 (/opt/ros/galactic/share/rmw_cyclonedds_cpp/cmake)
[0.671s] -- Using RMW implementation 'rmw_cyclonedds_cpp' as default
[0.921s] -- Found sensor_msgs: 2.2.4 (/opt/ros/galactic/share/sensor_msgs/cmake)
[1.187s] -- Found ament_lint_auto: 0.10.7 (/opt/ros/galactic/share/ament_lint_auto/cmake)
[1.305s] CMake Error at CMakeLists.txt:29 (install):
[1.305s]   install does not recognize sub-command TARGET
[1.305s] 
[1.305s] 
[1.311s] -- Added test 'copyright' to check source files copyright and LICENSE
[1.316s] -- Added test 'cppcheck' to perform static code analysis on C / C++ code
[1.316s] -- Configured cppcheck include dirs: 
[1.317s] -- Configured cppcheck exclude dirs and/or files: 
[1.319s] -- Added test 'cpplint' to check C / C++ code against the Google style
[1.319s] -- Configured cpplint exclude dirs and/or files: 
[1.320s] -- Added test 'lint_cmake' to check CMake code style
[1.322s] -- Added test 'uncrustify' to check C / C++ code style
[1.322s] -- Configured uncrustify additional arguments: 
[1.323s] -- Added test 'xmllint' to check XML markup files
[1.329s] -- Configuring incomplete, errors occurred!
[1.329s] See also "/home/user/ros2_ws/src/checkpoint5/build/attach_shelf/CMakeFiles/CMakeOutput.log".
[1.329s] See also "/home/user/ros2_ws/src/checkpoint5/build/attach_shelf/CMakeFiles/CMakeError.log".
[1.347s] Invoked command in '/home/user/ros2_ws/src/checkpoint5/build/attach_shelf' returned '1': CMAKE_PREFIX_PATH=${CMAKE_PREFIX_PATH}:/opt/ros/galactic _=/usr/bin/env /usr/bin/cmake /home/user/ros2_ws/src/checkpoint5/attach_shelf -DCMAKE_INSTALL_PREFIX=/home/user/ros2_ws/src/checkpoint5/install/attach_shelf
